<?xml version="1.0" encoding="UTF-8"?>
<testsuite name="memory.MemoryFinderTest" tests="1" skipped="0" failures="0" errors="0" timestamp="2023-09-17T04:45:45" hostname="DESKTOP-V76J3OI" time="0.137">
  <properties/>
  <testcase name="get()" classname="memory.MemoryFinderTest" time="0.137"/>
  <system-out><![CDATA[]]></system-out>
  <system-err><![CDATA[]]></system-err>
</testsuite>
